<?xml version="1.0" encoding="UTF-8"?>
<testng-results ignored="0" total="3" passed="3" failed="0" skipped="0">
  <reporter-output>
  </reporter-output>
  <suite started-at="2022-11-04T11:13:02 IST" name="Default suite" finished-at="2022-11-04T11:13:31 IST" duration-ms="29370">
    <groups>
    </groups>
    <test started-at="2022-11-04T11:13:02 IST" name="Default test" finished-at="2022-11-04T11:13:31 IST" duration-ms="29370">
      <class name="dataprovider.DpTest">
        <test-method signature="f(java.lang.String,java.lang.String)[pri:0, instance:dataprovider.DpTest@1189dd52]" started-at="2022-11-04T11:13:02 IST" name="f" data-provider="dp" finished-at="2022-11-04T11:13:13 IST" duration-ms="11751" status="PASS">
          <params>
            <param index="0">
              <value>
                <![CDATA[omkarbawkar@gmail.com]]>
              </value>
            </param>
            <param index="1">
              <value>
                <![CDATA[a12567]]>
              </value>
            </param>
          </params>
          <reporter-output>
          </reporter-output>
        </test-method> <!-- f -->
        <test-method signature="f(java.lang.String,java.lang.String)[pri:0, instance:dataprovider.DpTest@1189dd52]" started-at="2022-11-04T11:13:13 IST" name="f" data-provider="dp" finished-at="2022-11-04T11:13:22 IST" duration-ms="8744" status="PASS">
          <params>
            <param index="0">
              <value>
                <![CDATA[omkarbawkar123@gmail.com]]>
              </value>
            </param>
            <param index="1">
              <value>
                <![CDATA[1456b]]>
              </value>
            </param>
          </params>
          <reporter-output>
          </reporter-output>
        </test-method> <!-- f -->
        <test-method signature="f(java.lang.String,java.lang.String)[pri:0, instance:dataprovider.DpTest@1189dd52]" started-at="2022-11-04T11:13:22 IST" name="f" data-provider="dp" finished-at="2022-11-04T11:13:31 IST" duration-ms="8786" status="PASS">
          <params>
            <param index="0">
              <value>
                <![CDATA[8845795213]]>
              </value>
            </param>
            <param index="1">
              <value>
                <![CDATA[14gs56b]]>
              </value>
            </param>
          </params>
          <reporter-output>
          </reporter-output>
        </test-method> <!-- f -->
      </class> <!-- dataprovider.DpTest -->
    </test> <!-- Default test -->
  </suite> <!-- Default suite -->
</testng-results>
